<?xml version="1.0" encoding="UTF-8"?>
<beans xmlns="http://www.springframework.org/schema/beans"
       xmlns:xsi="http://www.w3.org/2001/XMLSchema-instance"
       xmlns:context="http://www.springframework.org/schema/context"
       xmlns:jdbc="http://www.springframework.org/schema/jdbc"
       xsi:schemaLocation="http://www.springframework.org/schema/beans
       http://www.springframework.org/schema/beans/spring-beans.xsd
       http://www.springframework.org/schema/context
       https://www.springframework.org/schema/context/spring-context.xsd
       http://www.springframework.org/schema/jdbc
       http://www.springframework.org/schema/jdbc/spring-jdbc.xsd">

<!--    <mvc:annotation-driven/>-->
    <context:component-scan base-package="org.aleks4ay"/>

    <context:property-placeholder location="classpath:test_conf/test.properties" system-properties-mode="OVERRIDE"/>

    <bean id="dataSource2" class="org.springframework.jdbc.datasource.DriverManagerDataSource">
        <property name="driverClassName" value="${jdbc.driverClassName}"/>
        <property name="url" value="${jdbc.url}"/>
        <property name="username" value="${jdbc.username}"/>
        <property name="password" value="${jdbc.password}"/>
    </bean>

    <jdbc:initialize-database data-source="dataSource2">
        <jdbc:script location="classpath:/db/initDB.sql"/>
        <jdbc:script location="classpath:/test_conf/populateRoom.sql" encoding="utf-8"/>
    </jdbc:initialize-database>


</beans>